# JRE version: OpenJDK Runtime Environment Corretto-17.0.12.7.1 (17.0.12+7) (build 17.0.12+7-LTS)
# Java VM: OpenJDK 64-Bit Server VM Corretto-17.0.12.7.1 (17.0.12+7-LTS, mixed mode, sharing, tiered, compressed oops, compressed class ptrs, g1 gc, windows-amd64)
GC Precious Log:
 CPUs: 4 total, 4 available
 Memory: 8038M
 Large Page Support: Disabled
 NUMA Support: Disabled
 Compressed Oops: Enabled (32-bit)
 Heap Region Size: 1M
 Heap Min Capacity: 8M
 Heap Initial Capacity: 126M
 Heap Max Capacity: 2010M
 Pre-touch: Disabled
 Parallel Workers: 4
 Concurrent Workers: 1
 Concurrent Refinement Workers: 4
 Periodic GC: Disabled
Heap:
 garbage-first heap   total 256000K, used 55070K [0x0000000082600000, 0x0000000100000000)
  region size 1024K, 14 young (14336K), 1 survivors (1024K)
 Metaspace       used 54160K, committed 54528K, reserved 1114112K
  class space    used 7212K, committed 7360K, reserved 1048576K
GC Heap History (20 events):
Event: 38.330 GC heap before
{Heap before GC invocations=15 (full 0):
 garbage-first heap   total 48128K, used 37305K [0x0000000082600000, 0x0000000100000000)
  region size 1024K, 18 young (18432K), 2 survivors (2048K)
 Metaspace       used 50754K, committed 51136K, reserved 1114112K
  class space    used 6777K, committed 6976K, reserved 1048576K
}
Event: 38.336 GC heap after
{Heap after GC invocations=16 (full 0):
 garbage-first heap   total 48128K, used 22288K [0x0000000082600000, 0x0000000100000000)
  region size 1024K, 3 young (3072K), 3 survivors (3072K)
 Metaspace       used 50754K, committed 51136K, reserved 1114112K
  class space    used 6777K, committed 6976K, reserved 1048576K
}
Event: 39.142 GC heap before
{Heap before GC invocations=16 (full 0):
 garbage-first heap   total 48128K, used 37648K [0x0000000082600000, 0x0000000100000000)
  region size 1024K, 18 young (18432K), 3 survivors (3072K)
 Metaspace       used 53049K, committed 53376K, reserved 1114112K
  class space    used 7094K, committed 7232K, reserved 1048576K
}
Event: 39.148 GC heap after
{Heap after GC invocations=17 (full 0):
 garbage-first heap   total 48128K, used 23956K [0x0000000082600000, 0x0000000100000000)
  region size 1024K, 3 young (3072K), 3 survivors (3072K)
 Metaspace       used 53049K, committed 53376K, reserved 1114112K
  class space    used 7094K, committed 7232K, reserved 1048576K
}
Event: 39.965 GC heap before
{Heap before GC invocations=17 (full 0):
 garbage-first heap   total 48128K, used 37268K [0x0000000082600000, 0x0000000100000000)
  region size 1024K, 17 young (17408K), 3 survivors (3072K)
 Metaspace       used 53908K, committed 54272K, reserved 1114112K
  class space    used 7175K, committed 7360K, reserved 1048576K
}
Event: 39.971 GC heap after
{Heap after GC invocations=18 (full 0):
 garbage-first heap   total 48128K, used 26476K [0x0000000082600000, 0x0000000100000000)
  region size 1024K, 3 young (3072K), 3 survivors (3072K)
 Metaspace       used 53908K, committed 54272K, reserved 1114112K
  class space    used 7175K, committed 7360K, reserved 1048576K
}
Event: 40.074 GC heap before
{Heap before GC invocations=19 (full 0):
 garbage-first heap   total 65536K, used 37740K [0x0000000082600000, 0x0000000100000000)
  region size 1024K, 14 young (14336K), 3 survivors (3072K)
 Metaspace       used 53928K, committed 54272K, reserved 1114112K
  class space    used 7175K, committed 7360K, reserved 1048576K
}
Event: 40.079 GC heap after
{Heap after GC invocations=20 (full 0):
 garbage-first heap   total 65536K, used 29023K [0x0000000082600000, 0x0000000100000000)
  region size 1024K, 2 young (2048K), 2 survivors (2048K)
 Metaspace       used 53928K, committed 54272K, reserved 1114112K
  class space    used 7175K, committed 7360K, reserved 1048576K
}
Event: 40.086 GC heap before
{Heap before GC invocations=20 (full 0):
 garbage-first heap   total 65536K, used 30047K [0x0000000082600000, 0x0000000100000000)
  region size 1024K, 3 young (3072K), 2 survivors (2048K)
 Metaspace       used 53928K, committed 54272K, reserved 1114112K
  class space    used 7175K, committed 7360K, reserved 1048576K
}
Event: 40.091 GC heap after
{Heap after GC invocations=21 (full 0):
 garbage-first heap   total 65536K, used 29502K [0x0000000082600000, 0x0000000100000000)
  region size 1024K, 1 young (1024K), 1 survivors (1024K)
 Metaspace       used 53928K, committed 54272K, reserved 1114112K
  class space    used 7175K, committed 7360K, reserved 1048576K
}
Event: 40.500 GC heap before
{Heap before GC invocations=21 (full 0):
 garbage-first heap   total 65536K, used 46910K [0x0000000082600000, 0x0000000100000000)
  region size 1024K, 19 young (19456K), 1 survivors (1024K)
 Metaspace       used 53987K, committed 54400K, reserved 1114112K
  class space    used 7187K, committed 7360K, reserved 1048576K
}
Event: 40.507 GC heap after
{Heap after GC invocations=22 (full 0):
 garbage-first heap   total 65536K, used 34923K [0x0000000082600000, 0x0000000100000000)
  region size 1024K, 3 young (3072K), 3 survivors (3072K)
 Metaspace       used 53987K, committed 54400K, reserved 1114112K
  class space    used 7187K, committed 7360K, reserved 1048576K
}
Event: 40.639 GC heap before
{Heap before GC invocations=23 (full 0):
 garbage-first heap   total 78848K, used 48235K [0x0000000082600000, 0x0000000100000000)
  region size 1024K, 16 young (16384K), 3 survivors (3072K)
 Metaspace       used 54001K, committed 54400K, reserved 1114112K
  class space    used 7187K, committed 7360K, reserved 1048576K
}
Event: 40.645 GC heap after
{Heap after GC invocations=24 (full 0):
 garbage-first heap   total 78848K, used 38133K [0x0000000082600000, 0x0000000100000000)
  region size 1024K, 2 young (2048K), 2 survivors (2048K)
 Metaspace       used 54001K, committed 54400K, reserved 1114112K
  class space    used 7187K, committed 7360K, reserved 1048576K
}
Event: 41.104 GC heap before
{Heap before GC invocations=24 (full 0):
 garbage-first heap   total 78848K, used 56565K [0x0000000082600000, 0x0000000100000000)
  region size 1024K, 21 young (21504K), 2 survivors (2048K)
 Metaspace       used 54032K, committed 54400K, reserved 1114112K
  class space    used 7187K, committed 7360K, reserved 1048576K
}
Event: 41.110 GC heap after
{Heap after GC invocations=25 (full 0):
 garbage-first heap   total 78848K, used 44212K [0x0000000082600000, 0x0000000100000000)
  region size 1024K, 3 young (3072K), 3 survivors (3072K)
 Metaspace       used 54032K, committed 54400K, reserved 1114112K
  class space    used 7187K, committed 7360K, reserved 1048576K
}
Event: 41.357 GC heap before
{Heap before GC invocations=26 (full 0):
 garbage-first heap   total 92160K, used 58548K [0x0000000082600000, 0x0000000100000000)
  region size 1024K, 17 young (17408K), 3 survivors (3072K)
 Metaspace       used 54033K, committed 54400K, reserved 1114112K
  class space    used 7187K, committed 7360K, reserved 1048576K
}
Event: 41.362 GC heap after
{Heap after GC invocations=27 (full 0):
 garbage-first heap   total 92160K, used 46919K [0x0000000082600000, 0x0000000100000000)
  region size 1024K, 3 young (3072K), 3 survivors (3072K)
 Metaspace       used 54033K, committed 54400K, reserved 1114112K
  class space    used 7187K, committed 7360K, reserved 1048576K
}
Event: 41.374 GC heap before
{Heap before GC invocations=27 (full 0):
 garbage-first heap   total 92160K, used 47943K [0x0000000082600000, 0x0000000100000000)
  region size 1024K, 4 young (4096K), 3 survivors (3072K)
 Metaspace       used 54037K, committed 54400K, reserved 1114112K
  class space    used 7187K, committed 7360K, reserved 1048576K
}
Event: 41.382 GC heap after
{Heap after GC invocations=28 (full 0):
 garbage-first heap   total 256000K, used 42782K [0x0000000082600000, 0x0000000100000000)
  region size 1024K, 1 young (1024K), 1 survivors (1024K)
 Metaspace       used 54037K, committed 54400K, reserved 1114112K
  class space    used 7187K, committed 7360K, reserved 1048576K
}

